<?xml version="1.0" encoding="UTF-8"?>
<!-- Generated by org.testng.reporters.JUnitReportReporter -->
<testsuite hostname="INLEN8520080577" failures="0" tests="1" name="New.Signuptest" time="39.558" errors="0" timestamp="2023-03-03T15:24:57 IST" skipped="0">
  <testcase classname="New.Signuptest" name="verification" time="39.558"/>
  <system-out/>
</testsuite> <!-- New.Signuptest -->
