<?xml version="1.0" encoding="UTF-8"?>
<!-- Generated by org.testng.reporters.JUnitReportReporter -->
<testsuite hostname="INLEN8520080577" failures="0" tests="4" name="com.demo.Signup.pagepay" time="131.012" errors="0" timestamp="2023-03-04T09:35:32 IST" skipped="0">
  <testcase classname="com.demo.Signup.pagepay" name="Unsuccessful_sign_up_with_invalid_existing_email" time="29.956"/>
  <system-out/>
  <testcase classname="com.demo.Signup.pagepay" name="succesSuccessful_sign_up" time="40.183"/>
  <system-out/>
  <testcase classname="com.demo.Signup.pagepay" name="Unsuccessful_sign_up_with_invalid_email" time="30.688"/>
  <system-out/>
  <testcase classname="com.demo.Signup.pagepay" name="Unsuccessful_sign_up_with_invalid_phonenumber" time="30.185"/>
  <system-out/>
</testsuite> <!-- com.demo.Signup.pagepay -->
